#
# A fatal error has been detected by the Java Runtime Environment:
#
#  EXCEPTION_ACCESS_VIOLATION (0xc0000005) at pc=0x0000000055f88f45, pid=8468, tid=26536
#
# JRE version: Java(TM) SE Runtime Environment (8.0_91-b14) (build 1.8.0_91-b14)
# Java VM: Java HotSpot(TM) 64-Bit Server VM (25.91-b14 mixed mode windows-amd64 compressed oops)
# Problematic frame:
# V  [jvm.dll+0x128f45]
#
# Failed to write core dump. Minidumps are not enabled by default on client versions of Windows
#
# If you would like to submit a bug report, please visit:
#   http://bugreport.java.com/bugreport/crash.jsp
#

---------------  T H R E A D  ---------------

Current thread (0x000000001b549000):  JavaThread "JDWP Transport Listener: dt_socket" daemon [_thread_in_vm, id=26536, stack(0x000000001c450000,0x000000001c550000)]

siginfo: ExceptionCode=0xc0000005, reading address 0x0000003b6c706d49

Registers:
RAX=0x000000001c54f001, RBX=0x000000001b549000, RCX=0x0000003b6c706d49, RDX=0x0000000000000000
RSP=0x000000001c54f020, RBP=0x0000003b6c706d49, RSI=0x000000001c54f138, RDI=0x00000000053885f0
R8 =0x000000001b549000, R9 =0x0000000000008000, R10=0x000000001d219a50, R11=0x000000001c54f342
R12=0x0000000000000000, R13=0x000000001b53f328, R14=0x0000000000000000, R15=0x0000000000000000
RIP=0x0000000055f88f45, EFLAGS=0x0000000000010202

Top of Stack: (sp=0x000000001c54f020)
0x000000001c54f020:   000000001b549000 000000001b549000
0x000000001c54f030:   000000001c54f0e8 000000005618f32b
0x000000001c54f040:   000000001b549000 00000000561abb8d
0x000000001c54f050:   0000000000000000 0000000055919155
0x000000001c54f060:   000000001a0cbd30 000000005592291e
0x000000001c54f070:   000000001b549000 0000000000000000
0x000000001c54f080:   0000000000000000 0000000000000000
0x000000001c54f090:   0000003b6c706d49 0000000055921a15
0x000000001c54f0a0:   000000001c54f138 000000001c54f110
0x000000001c54f0b0:   0000000000000001 000000001a0cbd30
0x000000001c54f0c0:   0000003b6c706d49 00000000559053b3
0x000000001c54f0d0:   000000001c54f200 0000000000000001
0x000000001c54f0e0:   0000000000000001 000000001a0cbd30
0x000000001c54f0f0:   0000000000000009 0000000000000000
0x000000001c54f100:   0000000000000000 0000000000000000
0x000000001c54f110:   0000000000000001 0000000055905571 

Instructions: (pc=0x0000000055f88f45)
0x0000000055f88f25:   cc cc cc cc cc cc cc cc cc cc cc 48 83 ec 28 48
0x0000000055f88f35:   85 c9 75 07 33 c0 48 83 c4 28 c3 48 89 5c 24 20
0x0000000055f88f45:   48 8b 19 48 85 db 74 20 48 83 fb 37 74 1a 48 8b
0x0000000055f88f55:   13 48 8b cb ff 52 10 84 c0 74 0d 48 8b c3 48 8b 


Register to memory mapping:

RAX=0x000000001c54f001 is pointing into the stack for thread: 0x000000001b549000
RBX=0x000000001b549000 is a thread
RCX=0x0000003b6c706d49 is an unknown value
RDX=0x0000000000000000 is an unknown value
RSP=0x000000001c54f020 is pointing into the stack for thread: 0x000000001b549000
RBP=0x0000003b6c706d49 is an unknown value
RSI=0x000000001c54f138 is pointing into the stack for thread: 0x000000001b549000
RDI=0x00000000053885f0 is an unknown value
R8 =0x000000001b549000 is a thread
R9 =0x0000000000008000 is an unknown value
R10=0x000000001d219a50 is an unknown value
R11=0x000000001c54f342 is pointing into the stack for thread: 0x000000001b549000
R12=0x0000000000000000 is an unknown value
R13=0x000000001b53f328 is an unknown value
R14=0x0000000000000000 is an unknown value
R15=0x0000000000000000 is an unknown value


Stack: [0x000000001c450000,0x000000001c550000],  sp=0x000000001c54f020,  free space=1020k
Native frames: (J=compiled Java code, j=interpreted, Vv=VM code, C=native code)
V  [jvm.dll+0x128f45]
V  [jvm.dll+0x34bb8d]
C  [jdwp.dll+0x21a15]
C  [jdwp.dll+0x53b3]
C  [jdwp.dll+0x5571]
C  [jdwp.dll+0xf0a8]
C  [jdwp.dll+0x1f2d5]
C  [jdwp.dll+0x1f4aa]
V  [jvm.dll+0x1bbf38]
V  [jvm.dll+0x243ae4]
V  [jvm.dll+0x29a99a]
C  [msvcr100.dll+0x21d9f]
C  [msvcr100.dll+0x21e3b]
C  [KERNEL32.DLL+0x11fe4]
C  [ntdll.dll+0x6efc1]


---------------  P R O C E S S  ---------------

Java Threads: ( => current thread )
  0x000000001d05c800 JavaThread "Log4j2-TF-4-Scheduled-1" daemon [_thread_blocked, id=4792, stack(0x000000001c150000,0x000000001c250000)]
  0x000000001b5e0000 JavaThread "Service Thread" daemon [_thread_blocked, id=21700, stack(0x000000001ca50000,0x000000001cb50000)]
  0x000000001b562800 JavaThread "C1 CompilerThread2" daemon [_thread_blocked, id=23808, stack(0x000000001c950000,0x000000001ca50000)]
  0x000000001b560800 JavaThread "C2 CompilerThread1" daemon [_thread_blocked, id=26272, stack(0x000000001c850000,0x000000001c950000)]
  0x000000001b55b800 JavaThread "C2 CompilerThread0" daemon [_thread_blocked, id=23732, stack(0x000000001c750000,0x000000001c850000)]
  0x000000001b54f800 JavaThread "JDWP Command Reader" daemon [_thread_in_native, id=22784, stack(0x000000001c650000,0x000000001c750000)]
  0x000000001b54c800 JavaThread "JDWP Event Helper Thread" daemon [_thread_blocked, id=17936, stack(0x000000001c550000,0x000000001c650000)]
=>0x000000001b549000 JavaThread "JDWP Transport Listener: dt_socket" daemon [_thread_in_vm, id=26536, stack(0x000000001c450000,0x000000001c550000)]
  0x000000001a0df000 JavaThread "Attach Listener" daemon [_thread_blocked, id=16304, stack(0x000000001ba30000,0x000000001bb30000)]
  0x000000001a12e800 JavaThread "Signal Dispatcher" daemon [_thread_blocked, id=16172, stack(0x000000001b930000,0x000000001ba30000)]
  0x000000000558d800 JavaThread "Finalizer" daemon [_thread_blocked, id=22804, stack(0x000000001b330000,0x000000001b430000)]
  0x0000000005582000 JavaThread "Reference Handler" daemon [_thread_blocked, id=22212, stack(0x000000001b230000,0x000000001b330000)]
  0x0000000005492800 JavaThread "main" [_thread_blocked, id=23380, stack(0x0000000005390000,0x0000000005490000)]

Other Threads:
  0x000000001a097800 VMThread [stack: 0x000000001b130000,0x000000001b230000] [id=25536]
  0x000000001b60c800 WatcherThread [stack: 0x000000001cb50000,0x000000001cc50000] [id=18616]

VM state:not at safepoint (normal execution)

VM Mutex/Monitor currently owned by a thread: None

Heap:
 PSYoungGen      total 38400K, used 28998K [0x00000000d5e00000, 0x00000000d8880000, 0x0000000100000000)
  eden space 33280K, 87% used [0x00000000d5e00000,0x00000000d7a51890,0x00000000d7e80000)
  from space 5120K, 0% used [0x00000000d8380000,0x00000000d8380000,0x00000000d8880000)
  to   space 5120K, 0% used [0x00000000d7e80000,0x00000000d7e80000,0x00000000d8380000)
 ParOldGen       total 87552K, used 0K [0x0000000081a00000, 0x0000000086f80000, 0x00000000d5e00000)
  object space 87552K, 0% used [0x0000000081a00000,0x0000000081a00000,0x0000000086f80000)
 Metaspace       used 11484K, capacity 11650K, committed 11904K, reserved 1060864K
  class space    used 1377K, capacity 1401K, committed 1408K, reserved 1048576K

Card table byte_map: [0x0000000014950000,0x0000000014d50000] byte_map_base: 0x0000000014543000

Marking Bits: (ParMarkBitMap*) 0x0000000056672f70
 Begin Bits: [0x0000000015400000, 0x0000000017398000)
 End Bits:   [0x0000000017398000, 0x0000000019330000)

Polling page: 0x0000000003460000

CodeCache: size=245760Kb used=3027Kb max_used=3040Kb free=242732Kb
 bounds [0x0000000005590000, 0x0000000005890000, 0x0000000014590000]
 total_blobs=1097 nmethods=740 adapters=279
 compilation: enabled

Compilation events (10 events):
Event: 0.852 Thread 0x000000001b562800  735       3       java.lang.Class$MethodArray::<init> (38 bytes)
Event: 0.852 Thread 0x000000001b562800 nmethod 735 0x0000000005880090 code [0x0000000005880220, 0x0000000005880588]
Event: 0.852 Thread 0x000000001b562800  736       3       javax.management.ImmutableDescriptor::union (337 bytes)
Event: 0.854 Thread 0x000000001b562800 nmethod 736 0x00000000058821d0 code [0x0000000005882600, 0x0000000005884fa8]
Event: 0.854 Thread 0x000000001b562800  737       3       java.util.Collections::emptyMap (4 bytes)
Event: 0.854 Thread 0x000000001b562800 nmethod 737 0x000000000587fd90 code [0x000000000587fee0, 0x0000000005880010]
Event: 0.854 Thread 0x000000001b562800  738       3       java.util.Collections::emptySet (4 bytes)
Event: 0.854 Thread 0x000000001b562800 nmethod 738 0x000000000587fa90 code [0x000000000587fbe0, 0x000000000587fd10]
Event: 0.900 Thread 0x000000001b55b800  740       4       java.lang.String::indexOf (166 bytes)
Event: 0.905 Thread 0x000000001b55b800 nmethod 740 0x0000000005889d90 code [0x0000000005889ee0, 0x000000000588a4b8]

GC Heap History (0 events):
No events

Deoptimization events (10 events):
Event: 0.757 Thread 0x0000000005492800 Uncommon trap: reason=range_check action=none pc=0x0000000005803a5c method=sun.reflect.generics.parser.SignatureParser.current()C @ 34
Event: 0.806 Thread 0x0000000005492800 Uncommon trap: reason=unstable_if action=reinterpret pc=0x00000000057093b8 method=java.lang.String.indexOf([CII[CIII)I @ 3
Event: 0.822 Thread 0x0000000005492800 Uncommon trap: reason=range_check action=none pc=0x0000000005803a5c method=sun.reflect.generics.parser.SignatureParser.current()C @ 34
Event: 0.822 Thread 0x0000000005492800 Uncommon trap: reason=range_check action=none pc=0x0000000005803a5c method=sun.reflect.generics.parser.SignatureParser.current()C @ 34
Event: 0.822 Thread 0x0000000005492800 Uncommon trap: reason=range_check action=none pc=0x0000000005803a5c method=sun.reflect.generics.parser.SignatureParser.current()C @ 34
Event: 0.827 Thread 0x0000000005492800 Uncommon trap: reason=range_check action=none pc=0x0000000005803a5c method=sun.reflect.generics.parser.SignatureParser.current()C @ 34
Event: 0.828 Thread 0x0000000005492800 Uncommon trap: reason=range_check action=none pc=0x0000000005803a5c method=sun.reflect.generics.parser.SignatureParser.current()C @ 34
Event: 0.828 Thread 0x0000000005492800 Uncommon trap: reason=range_check action=none pc=0x0000000005803a5c method=sun.reflect.generics.parser.SignatureParser.current()C @ 34
Event: 0.834 Thread 0x0000000005492800 Uncommon trap: reason=range_check action=none pc=0x0000000005803a5c method=sun.reflect.generics.parser.SignatureParser.current()C @ 34
Event: 0.838 Thread 0x0000000005492800 Uncommon trap: reason=range_check action=none pc=0x0000000005803a5c method=sun.reflect.generics.parser.SignatureParser.current()C @ 34

Internal exceptions (10 events):
Event: 0.757 Thread 0x0000000005492800 Exception <a 'java/lang/ArrayIndexOutOfBoundsException': 175> (0x00000000d7340f60) thrown at [C:\re\workspace\8-2-build-windows-amd64-cygwin\jdk8u91\6644\hotspot\src\share\vm\interpreter\interpreterRuntime.cpp, line 366]
Event: 0.757 Thread 0x0000000005492800 Exception <a 'java/lang/ArrayIndexOutOfBoundsException': 56> (0x00000000d7341eb0) thrown at [C:\re\workspace\8-2-build-windows-amd64-cygwin\jdk8u91\6644\hotspot\src\share\vm\interpreter\interpreterRuntime.cpp, line 366]
Event: 0.822 Thread 0x0000000005492800 Exception <a 'java/lang/ArrayIndexOutOfBoundsException': 71> (0x00000000d7612448) thrown at [C:\re\workspace\8-2-build-windows-amd64-cygwin\jdk8u91\6644\hotspot\src\share\vm\interpreter\interpreterRuntime.cpp, line 366]
Event: 0.822 Thread 0x0000000005492800 Exception <a 'java/lang/ArrayIndexOutOfBoundsException': 60> (0x00000000d7613768) thrown at [C:\re\workspace\8-2-build-windows-amd64-cygwin\jdk8u91\6644\hotspot\src\share\vm\interpreter\interpreterRuntime.cpp, line 366]
Event: 0.822 Thread 0x0000000005492800 Exception <a 'java/lang/ArrayIndexOutOfBoundsException': 71> (0x00000000d7614dd0) thrown at [C:\re\workspace\8-2-build-windows-amd64-cygwin\jdk8u91\6644\hotspot\src\share\vm\interpreter\interpreterRuntime.cpp, line 366]
Event: 0.827 Thread 0x0000000005492800 Exception <a 'java/lang/ArrayIndexOutOfBoundsException': 55> (0x00000000d763b028) thrown at [C:\re\workspace\8-2-build-windows-amd64-cygwin\jdk8u91\6644\hotspot\src\share\vm\interpreter\interpreterRuntime.cpp, line 366]
Event: 0.828 Thread 0x0000000005492800 Exception <a 'java/lang/ArrayIndexOutOfBoundsException': 38> (0x00000000d763c320) thrown at [C:\re\workspace\8-2-build-windows-amd64-cygwin\jdk8u91\6644\hotspot\src\share\vm\interpreter\interpreterRuntime.cpp, line 366]
Event: 0.828 Thread 0x0000000005492800 Exception <a 'java/lang/ArrayIndexOutOfBoundsException': 67> (0x00000000d763d588) thrown at [C:\re\workspace\8-2-build-windows-amd64-cygwin\jdk8u91\6644\hotspot\src\share\vm\interpreter\interpreterRuntime.cpp, line 366]
Event: 0.834 Thread 0x0000000005492800 Exception <a 'java/lang/ArrayIndexOutOfBoundsException': 38> (0x00000000d7663c00) thrown at [C:\re\workspace\8-2-build-windows-amd64-cygwin\jdk8u91\6644\hotspot\src\share\vm\interpreter\interpreterRuntime.cpp, line 366]
Event: 0.838 Thread 0x0000000005492800 Exception <a 'java/lang/ArrayIndexOutOfBoundsException': 49> (0x00000000d7672ea8) thrown at [C:\re\workspace\8-2-build-windows-amd64-cygwin\jdk8u91\6644\hotspot\src\share\vm\interpreter\interpreterRuntime.cpp, line 366]

Events (10 events):
Event: 275.727 Executing VM operation: GetCurrentLocation
Event: 275.727 Executing VM operation: GetCurrentLocation done
Event: 275.727 Executing VM operation: EnterInterpOnlyMode
Event: 275.727 Executing VM operation: EnterInterpOnlyMode done
Event: 275.727 Executing VM operation: ChangeSingleStep
Event: 275.727 Executing VM operation: ChangeSingleStep done
Event: 275.728 Executing VM operation: ChangeSingleStep
Event: 275.728 Executing VM operation: ChangeSingleStep done
Event: 275.732 Executing VM operation: RedefineClasses
Event: 275.736 Executing VM operation: RedefineClasses done


Dynamic libraries:
0x00007ff6e6b50000 - 0x00007ff6e6b87000 	C:\d_sortwire\java\jdk\bin\javaw.exe
0x00007ffea0580000 - 0x00007ffea0760000 	C:\WINDOWS\SYSTEM32\ntdll.dll
0x00007ffe9dd90000 - 0x00007ffe9de3e000 	C:\WINDOWS\System32\KERNEL32.DLL
0x00007ffe9d420000 - 0x00007ffe9d686000 	C:\WINDOWS\System32\KERNELBASE.dll
0x00007ffe9e4b0000 - 0x00007ffe9e551000 	C:\WINDOWS\System32\ADVAPI32.dll
0x00007ffe9e880000 - 0x00007ffe9e91d000 	C:\WINDOWS\System32\msvcrt.dll
0x00007ffe9d900000 - 0x00007ffe9d95b000 	C:\WINDOWS\System32\sechost.dll
0x00007ffe9dc70000 - 0x00007ffe9dd8f000 	C:\WINDOWS\System32\RPCRT4.dll
0x00007ffe9e010000 - 0x00007ffe9e19f000 	C:\WINDOWS\System32\USER32.dll
0x00007ffe9c790000 - 0x00007ffe9c7b0000 	C:\WINDOWS\System32\win32u.dll
0x00007ffe9fd60000 - 0x00007ffe9fd88000 	C:\WINDOWS\System32\GDI32.dll
0x00007ffe9d280000 - 0x00007ffe9d413000 	C:\WINDOWS\System32\gdi32full.dll
0x00007ffe9d1e0000 - 0x00007ffe9d27b000 	C:\WINDOWS\System32\msvcp_win.dll
0x00007ffe9c890000 - 0x00007ffe9c986000 	C:\WINDOWS\System32\ucrtbase.dll
0x00007ffe8cc20000 - 0x00007ffe8ce89000 	C:\WINDOWS\WinSxS\amd64_microsoft.windows.common-controls_6595b64144ccf1df_6.0.16299.309_none_15cfd4c4935e6b11\COMCTL32.dll
0x00007ffe9e1a0000 - 0x00007ffe9e4a8000 	C:\WINDOWS\System32\combase.dll
0x00007ffe9c7b0000 - 0x00007ffe9c822000 	C:\WINDOWS\System32\bcryptPrimitives.dll
0x00007ffe9fe40000 - 0x00007ffe9fe6d000 	C:\WINDOWS\System32\IMM32.DLL
0x0000000055950000 - 0x0000000055a22000 	C:\d_sortwire\java\jdk\jre\bin\msvcr100.dll
0x0000000055e60000 - 0x00000000566f3000 	C:\d_sortwire\java\jdk\jre\bin\server\jvm.dll
0x00007ffe9d870000 - 0x00007ffe9d893000 	C:\WINDOWS\System32\WINMM.dll
0x00007ffe9c640000 - 0x00007ffe9c66a000 	C:\WINDOWS\System32\WINMMBASE.dll
0x00007ffe9c740000 - 0x00007ffe9c78a000 	C:\WINDOWS\System32\cfgmgr32.dll
0x00007ffe9e640000 - 0x00007ffe9e648000 	C:\WINDOWS\System32\PSAPI.DLL
0x00007ffe8c9c0000 - 0x00007ffe8c9c9000 	C:\WINDOWS\SYSTEM32\WSOCK32.dll
0x00007ffe9e660000 - 0x00007ffe9e6cc000 	C:\WINDOWS\System32\WS2_32.dll
0x00007ffe95890000 - 0x00007ffe9589a000 	C:\WINDOWS\SYSTEM32\VERSION.dll
0x0000000055d70000 - 0x0000000055d7f000 	C:\d_sortwire\java\jdk\jre\bin\verify.dll
0x0000000055d40000 - 0x0000000055d69000 	C:\d_sortwire\java\jdk\jre\bin\java.dll
0x0000000055900000 - 0x0000000055935000 	C:\d_sortwire\java\jdk\jre\bin\jdwp.dll
0x00000000558f0000 - 0x00000000558f8000 	C:\d_sortwire\java\jdk\jre\bin\npt.dll
0x0000000055d20000 - 0x0000000055d36000 	C:\d_sortwire\java\jdk\jre\bin\zip.dll
0x00007ffe9e920000 - 0x00007ffe9fd56000 	C:\WINDOWS\System32\SHELL32.dll
0x00007ffe9fd90000 - 0x00007ffe9fe36000 	C:\WINDOWS\System32\shcore.dll
0x00007ffe9c990000 - 0x00007ffe9d0d7000 	C:\WINDOWS\System32\windows.storage.dll
0x00007ffe9de40000 - 0x00007ffe9de91000 	C:\WINDOWS\System32\shlwapi.dll
0x00007ffe9c620000 - 0x00007ffe9c631000 	C:\WINDOWS\System32\kernel.appcore.dll
0x00007ffe9d0e0000 - 0x00007ffe9d12c000 	C:\WINDOWS\System32\powrprof.dll
0x00007ffe9c600000 - 0x00007ffe9c61b000 	C:\WINDOWS\System32\profapi.dll
0x00000000558e0000 - 0x00000000558e9000 	C:\d_sortwire\java\jdk\jre\bin\dt_socket.dll
0x00007ffe8e510000 - 0x00007ffe8e526000 	C:\WINDOWS\system32\napinsp.dll
0x00007ffe8e350000 - 0x00007ffe8e36a000 	C:\WINDOWS\system32\pnrpnsp.dll
0x00007ffe99170000 - 0x00007ffe99188000 	C:\WINDOWS\system32\NLAapi.dll
0x00007ffe9be00000 - 0x00007ffe9be66000 	C:\WINDOWS\System32\mswsock.dll
0x00007ffe9bbd0000 - 0x00007ffe9bc86000 	C:\WINDOWS\SYSTEM32\DNSAPI.dll
0x00007ffe9e560000 - 0x00007ffe9e568000 	C:\WINDOWS\System32\NSI.dll
0x00007ffe9bb90000 - 0x00007ffe9bbc9000 	C:\WINDOWS\SYSTEM32\IPHLPAPI.DLL
0x00007ffe8d820000 - 0x00007ffe8d82e000 	C:\WINDOWS\System32\winrnr.dll
0x0000000180000000 - 0x000000018008c000 	C:\Windows\system32\ASProxy64.dll
0x00007ffe9dec0000 - 0x00007ffe9e009000 	C:\WINDOWS\System32\ole32.dll
0x00007ffe9e570000 - 0x00007ffe9e635000 	C:\WINDOWS\System32\OLEAUT32.dll
0x00007ffe9c530000 - 0x00007ffe9c560000 	C:\WINDOWS\SYSTEM32\SspiCli.dll
0x00007ffe95620000 - 0x00007ffe95690000 	C:\WINDOWS\System32\fwpuclnt.dll
0x00007ffe9c130000 - 0x00007ffe9c155000 	C:\WINDOWS\SYSTEM32\bcrypt.dll
0x00007ffe952a0000 - 0x00007ffe952aa000 	C:\Windows\System32\rasadhlp.dll
0x00007ffe9aa20000 - 0x00007ffe9aab5000 	C:\WINDOWS\system32\uxtheme.dll
0x0000000055940000 - 0x000000005594d000 	C:\d_sortwire\java\jdk\jre\bin\management.dll
0x0000000055d00000 - 0x0000000055d1a000 	C:\d_sortwire\java\jdk\jre\bin\net.dll
0x0000000055ce0000 - 0x0000000055cf1000 	C:\d_sortwire\java\jdk\jre\bin\nio.dll
0x00007ffe8e180000 - 0x00007ffe8e348000 	C:\WINDOWS\SYSTEM32\dbghelp.dll

VM Arguments:
jvm_args: -agentlib:jdwp=transport=dt_socket,suspend=y,address=localhost:64027 -Dfile.encoding=UTF-8 
java_command: com.netherfire.server.utils.BoquMsgUtils
java_class_path (initial): C:\d_sortwire\eclipse_workspace_2\server\target\classes;C:\Users\JavaServer\.m2\repository\io\netty\netty-all\4.1.7.Final\netty-all-4.1.7.Final.jar;C:\Users\JavaServer\.m2\repository\com\alibaba\fastjson\1.2.23\fastjson-1.2.23.jar;C:\Users\JavaServer\.m2\repository\redis\clients\jedis\2.9.0\jedis-2.9.0.jar;C:\Users\JavaServer\.m2\repository\org\apache\commons\commons-pool2\2.4.2\commons-pool2-2.4.2.jar;C:\Users\JavaServer\.m2\repository\org\mybatis\mybatis\3.4.2\mybatis-3.4.2.jar;C:\Users\JavaServer\.m2\repository\com\zaxxer\HikariCP\2.6.0\HikariCP-2.6.0.jar;C:\Users\JavaServer\.m2\repository\org\slf4j\slf4j-api\1.7.21\slf4j-api-1.7.21.jar;C:\Users\JavaServer\.m2\repository\org\apache\logging\log4j\log4j-api\2.8\log4j-api-2.8.jar;C:\Users\JavaServer\.m2\repository\org\apache\logging\log4j\log4j-core\2.8\log4j-core-2.8.jar;C:\Users\JavaServer\.m2\repository\mysql\mysql-connector-java\5.1.38\mysql-connector-java-5.1.38.jar;C:\Users\JavaServer\.m2\repository\org\apache\httpcomponents\httpclient\4.5.2\httpclient-4.5.2.jar;C:\Users\JavaServer\.m2\repository\org\apache\httpcomponents\httpcore\4.4.4\httpcore-4.4.4.jar;C:\Users\JavaServer\.m2\repository\commons-logging\commons-logging\1.2\commons-logging-1.2.jar;C:\Users\JavaServer\.m2\repository\commons-codec\commons-codec\1.9\commons-codec-1.9.jar;C:\Users\JavaServer\.m2\repository\com\google\guava\guava\21.0\guava-21.0.jar;C:\Users\JavaServer\.m2\repository\commons-io\commons-io\2.5\commons-io-2.5.jar;C:\Users\JavaServer\.m2\repository\com\lmax\disruptor\3.3.6\disruptor-3.3.6.jar;C:\Users\JavaServer\.m2\repository\com\aliyun\aliyun-java-sdk-core\3.3.1\aliyun-java-sdk-core-3.3.1.jar;C:\Users\JavaServer\.m2\repository\org\json\json\20170516\json-20170516.jar;C:\Users\JavaServer\.m2\repository\com\aliyun\aliyun-java-sdk-dysmsapi\1.0.0\aliyun-java-sdk-dysmsapi-1.0.0.jar;C:\Users\JavaServer\.m2\repository\org\apache\logging\log4j\log4j-slf4j-impl\2.4.1\log4j-slf4j-impl-2.4.1.jar
Launcher Type: SUN_STANDARD

Environment Variables:
JAVA_HOME=C:\d_sortwire\java\jdk
CLASSPATH=.;C:\d_sortwire\java\jdk\lib\tools.jar;C:\d_sortwire\java\jdk\jre\lib\dt.jar
PATH=C:/d_sortwire/java/jdk/bin/../jre/bin/server;C:/d_sortwire/java/jdk/bin/../jre/bin;C:/d_sortwire/java/jdk/bin/../jre/lib/amd64;C:\ProgramData\Oracle\Java\javapath;C:\WINDOWS\system32;C:\WINDOWS;C:\WINDOWS\System32\Wbem;C:\WINDOWS\System32\WindowsPowerShell\v1.0\;C:\d_sortwire\java\jdk\bin;C:\d_sortwire\java\jdk\jre\bin;C:\d_sortwire\mysql\bin;C:\d_sortwire\svn\bin;C:\d_sortwire\maven\apache-maven-3.3.9\bin;C:\d_sortwire\gradle-3.4.1\bin;C:\Program Files (x86)\GtkSharp\2.12\bin;C:\protobuf\bin;C:\d_sortwire\python;C:\d_sortwire\git\Git\cmd;C:\d_sortwire\openssl\OpenSSL-Win64\bin;C:\d_sortwire\nodeJS\;C:\Program Files (x86)\Skype\Phone\;C:\Users\JavaServer\AppData\Local\Microsoft\WindowsApps;C:\Users\JavaServer\AppData\Roaming\npm;C:\d_sortwire\eclipse;
USERNAME=JavaServer
OS=Windows_NT
PROCESSOR_IDENTIFIER=Intel64 Family 6 Model 158 Stepping 9, GenuineIntel



---------------  S Y S T E M  ---------------

OS: Windows 10.0 , 64 bit Build 16299 (10.0.16299.15)

CPU:total 4 (2 cores per cpu, 2 threads per core) family 6 model 158 stepping 9, cmov, cx8, fxsr, mmx, sse, sse2, sse3, ssse3, sse4.1, sse4.2, popcnt, aes, clmul, erms, 3dnowpref, lzcnt, ht, tsc, tscinvbit

Memory: 4k page, physical 8278164k(1153680k free), swap 24531092k(4355644k free)

vm_info: Java HotSpot(TM) 64-Bit Server VM (25.91-b14) for windows-amd64 JRE (1.8.0_91-b14), built on Apr  1 2016 00:58:32 by "java_re" with MS VC++ 10.0 (VS2010)

time: Fri Apr 13 13:24:55 2018
elapsed time: 275 seconds (0d 0h 4m 35s)

